<?xml version="1.0" encoding="UTF-8"?>
<testsuite name="es.codeurjc.ais.tictactoe.BoardTest" time="0.005" tests="3" errors="0" skipped="0" failures="0">
  <properties>
[...]
</properties>
  <testcase name="testGanadorJugadorSegundoTurno" classname="es.codeurjc.ais.tictactoe.BoardTest" time="0.002"/>
  <testcase name="testGanadorJugadorPrimerTurno" classname="es.codeurjc.ais.tictactoe.BoardTest" time="0.001"/>
  <testcase name="testEmpate" classname="es.codeurjc.ais.tictactoe.BoardTest" time="0.002"/>
</testsuite>